{"C:\\exadel\\project\\starter\\app.js": {"path":"C:\\exadel\\project\\starter\\app.js","statementMap":{"0":{"start":{"line":2,"column":0},"end":{"line":2,"column":27}},"1":{"start":{"line":4,"column":16},"end":{"line":4,"column":34}},"2":{"start":{"line":5,"column":13},"end":{"line":5,"column":28}},"3":{"start":{"line":6,"column":17},"end":{"line":6,"column":36}},"4":{"start":{"line":7,"column":20},"end":{"line":7,"column":52}},"5":{"start":{"line":8,"column":19},"end":{"line":8,"column":53}},"6":{"start":{"line":9,"column":24},"end":{"line":9,"column":50}},"7":{"start":{"line":10,"column":20},"end":{"line":10,"column":50}},"8":{"start":{"line":11,"column":20},"end":{"line":11,"column":51}},"9":{"start":{"line":12,"column":23},"end":{"line":12,"column":57}},"10":{"start":{"line":14,"column":12},"end":{"line":14,"column":21}},"11":{"start":{"line":16,"column":0},"end":{"line":16,"column":16}},"12":{"start":{"line":17,"column":0},"end":{"line":17,"column":24}},"13":{"start":{"line":18,"column":0},"end":{"line":18,"column":49}},"14":{"start":{"line":19,"column":0},"end":{"line":19,"column":31}},"15":{"start":{"line":21,"column":13},"end":{"line":24,"column":1}},"16":{"start":{"line":26,"column":0},"end":{"line":26,"column":49}},"17":{"start":{"line":28,"column":0},"end":{"line":28,"column":31}},"18":{"start":{"line":29,"column":0},"end":{"line":29,"column":31}},"19":{"start":{"line":30,"column":0},"end":{"line":30,"column":37}},"20":{"start":{"line":31,"column":0},"end":{"line":31,"column":21}}},"fnMap":{},"branchMap":{},"s":{"0":1,"1":1,"2":1,"3":1,"4":1,"5":1,"6":1,"7":1,"8":1,"9":1,"10":1,"11":1,"12":1,"13":1,"14":1,"15":1,"16":1,"17":1,"18":1,"19":1,"20":1},"f":{},"b":{},"_coverageSchema":"1a1c01bbd47fc00a2c39e90264f33305004495a9","hash":"c4ebd0465d4148179a69ac9bad8c8293ae77de38"}
,"C:\\exadel\\project\\starter\\Routes\\loginRouter.js": {"path":"C:\\exadel\\project\\starter\\Routes\\loginRouter.js","statementMap":{"0":{"start":{"line":1,"column":16},"end":{"line":1,"column":34}},"1":{"start":{"line":3,"column":23},"end":{"line":3,"column":63}},"2":{"start":{"line":5,"column":15},"end":{"line":5,"column":31}},"3":{"start":{"line":6,"column":0},"end":{"line":6,"column":71}},"4":{"start":{"line":8,"column":0},"end":{"line":8,"column":24}}},"fnMap":{},"branchMap":{},"s":{"0":1,"1":1,"2":1,"3":1,"4":1},"f":{},"b":{},"_coverageSchema":"1a1c01bbd47fc00a2c39e90264f33305004495a9","hash":"2b9fa26d75e3ff5c18eaf2444dd1a01c683e89e8"}
,"C:\\exadel\\project\\starter\\Routes\\registerRouter.js": {"path":"C:\\exadel\\project\\starter\\Routes\\registerRouter.js","statementMap":{"0":{"start":{"line":1,"column":16},"end":{"line":1,"column":34}},"1":{"start":{"line":3,"column":23},"end":{"line":3,"column":63}},"2":{"start":{"line":5,"column":15},"end":{"line":5,"column":31}},"3":{"start":{"line":6,"column":0},"end":{"line":8,"column":67}},"4":{"start":{"line":10,"column":0},"end":{"line":10,"column":24}}},"fnMap":{},"branchMap":{},"s":{"0":1,"1":1,"2":1,"3":1,"4":1},"f":{},"b":{},"_coverageSchema":"1a1c01bbd47fc00a2c39e90264f33305004495a9","hash":"43cb32621352ceaa932107e7d2d053f4b8186e9b"}
,"C:\\exadel\\project\\starter\\Routes\\userRouter.js": {"path":"C:\\exadel\\project\\starter\\Routes\\userRouter.js","statementMap":{"0":{"start":{"line":1,"column":16},"end":{"line":1,"column":34}},"1":{"start":{"line":2,"column":17},"end":{"line":2,"column":36}},"2":{"start":{"line":3,"column":23},"end":{"line":3,"column":63}},"3":{"start":{"line":4,"column":23},"end":{"line":4,"column":48}},"4":{"start":{"line":6,"column":13},"end":{"line":6,"column":61}},"5":{"start":{"line":8,"column":15},"end":{"line":8,"column":31}},"6":{"start":{"line":10,"column":0},"end":{"line":10,"column":43}},"7":{"start":{"line":12,"column":0},"end":{"line":12,"column":68}},"8":{"start":{"line":13,"column":0},"end":{"line":13,"column":49}},"9":{"start":{"line":14,"column":0},"end":{"line":14,"column":24}}},"fnMap":{},"branchMap":{},"s":{"0":1,"1":1,"2":1,"3":1,"4":1,"5":1,"6":1,"7":1,"8":1,"9":1},"f":{},"b":{},"_coverageSchema":"1a1c01bbd47fc00a2c39e90264f33305004495a9","hash":"4fcfcefc5bc53db4397d134eb6a38ef970fa123f"}
,"C:\\exadel\\project\\starter\\auth\\database.js": {"path":"C:\\exadel\\project\\starter\\auth\\database.js","statementMap":{"0":{"start":{"line":1,"column":15},"end":{"line":1,"column":32}},"1":{"start":{"line":2,"column":13},"end":{"line":2,"column":39}},"2":{"start":{"line":5,"column":15},"end":{"line":5,"column":44}},"3":{"start":{"line":6,"column":2},"end":{"line":8,"column":3}},"4":{"start":{"line":7,"column":4},"end":{"line":7,"column":16}},"5":{"start":{"line":9,"column":2},"end":{"line":9,"column":14}},"6":{"start":{"line":12,"column":0},"end":{"line":14,"column":2}}},"fnMap":{"0":{"name":"loginUser","decl":{"start":{"line":4,"column":15},"end":{"line":4,"column":24}},"loc":{"start":{"line":4,"column":42},"end":{"line":10,"column":1}},"line":4}},"branchMap":{"0":{"loc":{"start":{"line":6,"column":2},"end":{"line":8,"column":3}},"type":"if","locations":[{"start":{"line":6,"column":2},"end":{"line":8,"column":3}},{"start":{},"end":{}}],"line":6},"1":{"loc":{"start":{"line":6,"column":6},"end":{"line":6,"column":57}},"type":"binary-expr","locations":[{"start":{"line":6,"column":6},"end":{"line":6,"column":10}},{"start":{"line":6,"column":14},"end":{"line":6,"column":57}}],"line":6}},"s":{"0":1,"1":1,"2":2,"3":2,"4":1,"5":1,"6":1},"f":{"0":2},"b":{"0":[1,1],"1":[2,2]},"_coverageSchema":"1a1c01bbd47fc00a2c39e90264f33305004495a9","hash":"8f4748c031339bdfcc4da3d032cb61fad9c1bb77"}
,"C:\\exadel\\project\\starter\\auth\\guards.js": {"path":"C:\\exadel\\project\\starter\\auth\\guards.js","statementMap":{"0":{"start":{"line":1,"column":12},"end":{"line":1,"column":35}},"1":{"start":{"line":2,"column":13},"end":{"line":2,"column":39}},"2":{"start":{"line":4,"column":19},"end":{"line":17,"column":1}},"3":{"start":{"line":5,"column":2},"end":{"line":16,"column":3}},"4":{"start":{"line":6,"column":18},"end":{"line":6,"column":57}},"5":{"start":{"line":7,"column":20},"end":{"line":7,"column":61}},"6":{"start":{"line":8,"column":17},"end":{"line":8,"column":61}},"7":{"start":{"line":9,"column":4},"end":{"line":13,"column":5}},"8":{"start":{"line":10,"column":6},"end":{"line":10,"column":13}},"9":{"start":{"line":12,"column":6},"end":{"line":12,"column":57}},"10":{"start":{"line":15,"column":4},"end":{"line":15,"column":43}},"11":{"start":{"line":19,"column":0},"end":{"line":21,"column":2}}},"fnMap":{"0":{"name":"(anonymous_0)","decl":{"start":{"line":4,"column":19},"end":{"line":4,"column":20}},"loc":{"start":{"line":4,"column":45},"end":{"line":17,"column":1}},"line":4}},"branchMap":{"0":{"loc":{"start":{"line":9,"column":4},"end":{"line":13,"column":5}},"type":"if","locations":[{"start":{"line":9,"column":4},"end":{"line":13,"column":5}},{"start":{"line":11,"column":11},"end":{"line":13,"column":5}}],"line":9},"1":{"loc":{"start":{"line":9,"column":8},"end":{"line":9,"column":37}},"type":"binary-expr","locations":[{"start":{"line":9,"column":8},"end":{"line":9,"column":12}},{"start":{"line":9,"column":16},"end":{"line":9,"column":37}}],"line":9}},"s":{"0":1,"1":1,"2":1,"3":0,"4":0,"5":0,"6":0,"7":0,"8":0,"9":0,"10":0,"11":1},"f":{"0":0},"b":{"0":[0,0],"1":[0,0]},"_coverageSchema":"1a1c01bbd47fc00a2c39e90264f33305004495a9","hash":"12ea7b04d53fc377027ff816a3b2f85e783297ff"}
,"C:\\exadel\\project\\starter\\auth\\passport.js": {"path":"C:\\exadel\\project\\starter\\auth\\passport.js","statementMap":{"0":{"start":{"line":1,"column":13},"end":{"line":1,"column":39}},"1":{"start":{"line":3,"column":20},"end":{"line":9,"column":1}},"2":{"start":{"line":4,"column":15},"end":{"line":4,"column":62}},"3":{"start":{"line":5,"column":2},"end":{"line":7,"column":3}},"4":{"start":{"line":6,"column":4},"end":{"line":6,"column":28}},"5":{"start":{"line":8,"column":2},"end":{"line":8,"column":27}},"6":{"start":{"line":11,"column":0},"end":{"line":13,"column":2}}},"fnMap":{"0":{"name":"(anonymous_0)","decl":{"start":{"line":3,"column":20},"end":{"line":3,"column":21}},"loc":{"start":{"line":3,"column":48},"end":{"line":9,"column":1}},"line":3}},"branchMap":{"0":{"loc":{"start":{"line":5,"column":2},"end":{"line":7,"column":3}},"type":"if","locations":[{"start":{"line":5,"column":2},"end":{"line":7,"column":3}},{"start":{},"end":{}}],"line":5}},"s":{"0":1,"1":1,"2":0,"3":0,"4":0,"5":0,"6":1},"f":{"0":0},"b":{"0":[0,0]},"_coverageSchema":"1a1c01bbd47fc00a2c39e90264f33305004495a9","hash":"89452cae23f4fdd325e7b6cd78ca6155ae4a7a25"}
,"C:\\exadel\\project\\starter\\controllers\\authController.js": {"path":"C:\\exadel\\project\\starter\\controllers\\authController.js","statementMap":{"0":{"start":{"line":3,"column":12},"end":{"line":3,"column":35}},"1":{"start":{"line":4,"column":15},"end":{"line":4,"column":32}},"2":{"start":{"line":5,"column":18},"end":{"line":5,"column":38}},"3":{"start":{"line":6,"column":11},"end":{"line":6,"column":38}},"4":{"start":{"line":7,"column":13},"end":{"line":7,"column":39}},"5":{"start":{"line":9,"column":0},"end":{"line":17,"column":2}},"6":{"start":{"line":10,"column":2},"end":{"line":15,"column":3}},"7":{"start":{"line":11,"column":4},"end":{"line":14,"column":7}},"8":{"start":{"line":16,"column":2},"end":{"line":16,"column":9}},"9":{"start":{"line":19,"column":0},"end":{"line":46,"column":2}},"10":{"start":{"line":20,"column":2},"end":{"line":30,"column":3}},"11":{"start":{"line":26,"column":4},"end":{"line":29,"column":7}},"12":{"start":{"line":31,"column":23},"end":{"line":31,"column":65}},"13":{"start":{"line":32,"column":2},"end":{"line":37,"column":3}},"14":{"start":{"line":33,"column":4},"end":{"line":36,"column":7}},"15":{"start":{"line":39,"column":2},"end":{"line":44,"column":3}},"16":{"start":{"line":40,"column":4},"end":{"line":43,"column":7}},"17":{"start":{"line":45,"column":2},"end":{"line":45,"column":9}},"18":{"start":{"line":48,"column":0},"end":{"line":70,"column":2}},"19":{"start":{"line":49,"column":15},"end":{"line":49,"column":68}},"20":{"start":{"line":50,"column":2},"end":{"line":69,"column":3}},"21":{"start":{"line":51,"column":20},"end":{"line":55,"column":5}},"22":{"start":{"line":57,"column":18},"end":{"line":59,"column":6}},"23":{"start":{"line":61,"column":4},"end":{"line":66,"column":7}},"24":{"start":{"line":68,"column":4},"end":{"line":68,"column":68}},"25":{"start":{"line":72,"column":0},"end":{"line":100,"column":2}},"26":{"start":{"line":73,"column":2},"end":{"line":99,"column":3}},"27":{"start":{"line":74,"column":18},"end":{"line":74,"column":37}},"28":{"start":{"line":75,"column":20},"end":{"line":81,"column":6}},"29":{"start":{"line":82,"column":4},"end":{"line":82,"column":25}},"30":{"start":{"line":84,"column":20},"end":{"line":88,"column":5}},"31":{"start":{"line":90,"column":18},"end":{"line":92,"column":6}},"32":{"start":{"line":93,"column":4},"end":{"line":96,"column":7}},"33":{"start":{"line":98,"column":4},"end":{"line":98,"column":43}}},"fnMap":{"0":{"name":"(anonymous_0)","decl":{"start":{"line":9,"column":20},"end":{"line":9,"column":21}},"loc":{"start":{"line":9,"column":40},"end":{"line":17,"column":1}},"line":9},"1":{"name":"(anonymous_1)","decl":{"start":{"line":19,"column":28},"end":{"line":19,"column":29}},"loc":{"start":{"line":19,"column":54},"end":{"line":46,"column":1}},"line":19},"2":{"name":"(anonymous_2)","decl":{"start":{"line":48,"column":16},"end":{"line":48,"column":17}},"loc":{"start":{"line":48,"column":36},"end":{"line":70,"column":1}},"line":48},"3":{"name":"(anonymous_3)","decl":{"start":{"line":72,"column":19},"end":{"line":72,"column":20}},"loc":{"start":{"line":72,"column":39},"end":{"line":100,"column":1}},"line":72}},"branchMap":{"0":{"loc":{"start":{"line":10,"column":2},"end":{"line":15,"column":3}},"type":"if","locations":[{"start":{"line":10,"column":2},"end":{"line":15,"column":3}},{"start":{},"end":{}}],"line":10},"1":{"loc":{"start":{"line":10,"column":6},"end":{"line":10,"column":43}},"type":"binary-expr","locations":[{"start":{"line":10,"column":6},"end":{"line":10,"column":21}},{"start":{"line":10,"column":25},"end":{"line":10,"column":43}}],"line":10},"2":{"loc":{"start":{"line":20,"column":2},"end":{"line":30,"column":3}},"type":"if","locations":[{"start":{"line":20,"column":2},"end":{"line":30,"column":3}},{"start":{},"end":{}}],"line":20},"3":{"loc":{"start":{"line":21,"column":4},"end":{"line":24,"column":23}},"type":"binary-expr","locations":[{"start":{"line":21,"column":4},"end":{"line":21,"column":19}},{"start":{"line":22,"column":4},"end":{"line":22,"column":22}},{"start":{"line":23,"column":4},"end":{"line":23,"column":18}},{"start":{"line":24,"column":4},"end":{"line":24,"column":23}}],"line":21},"4":{"loc":{"start":{"line":32,"column":2},"end":{"line":37,"column":3}},"type":"if","locations":[{"start":{"line":32,"column":2},"end":{"line":37,"column":3}},{"start":{},"end":{}}],"line":32},"5":{"loc":{"start":{"line":39,"column":2},"end":{"line":44,"column":3}},"type":"if","locations":[{"start":{"line":39,"column":2},"end":{"line":44,"column":3}},{"start":{},"end":{}}],"line":39},"6":{"loc":{"start":{"line":50,"column":2},"end":{"line":69,"column":3}},"type":"if","locations":[{"start":{"line":50,"column":2},"end":{"line":69,"column":3}},{"start":{"line":67,"column":9},"end":{"line":69,"column":3}}],"line":50}},"s":{"0":1,"1":1,"2":1,"3":1,"4":1,"5":1,"6":2,"7":0,"8":2,"9":1,"10":2,"11":1,"12":1,"13":1,"14":0,"15":1,"16":0,"17":1,"18":1,"19":2,"20":2,"21":1,"22":1,"23":1,"24":1,"25":1,"26":1,"27":1,"28":1,"29":1,"30":1,"31":1,"32":1,"33":0},"f":{"0":2,"1":2,"2":2,"3":1},"b":{"0":[0,2],"1":[2,2],"2":[1,1],"3":[2,2,1,1],"4":[0,1],"5":[0,1],"6":[1,1]},"_coverageSchema":"1a1c01bbd47fc00a2c39e90264f33305004495a9","hash":"7fd38b723d85344a620b40e41b6d1825b3c1f377"}
,"C:\\exadel\\project\\starter\\controllers\\userController.js": {"path":"C:\\exadel\\project\\starter\\controllers\\userController.js","statementMap":{"0":{"start":{"line":2,"column":13},"end":{"line":2,"column":39}},"1":{"start":{"line":4,"column":0},"end":{"line":10,"column":2}},"2":{"start":{"line":5,"column":16},"end":{"line":5,"column":35}},"3":{"start":{"line":6,"column":2},"end":{"line":9,"column":5}},"4":{"start":{"line":12,"column":0},"end":{"line":22,"column":2}},"5":{"start":{"line":13,"column":16},"end":{"line":13,"column":35}},"6":{"start":{"line":15,"column":2},"end":{"line":20,"column":3}},"7":{"start":{"line":16,"column":4},"end":{"line":19,"column":7}},"8":{"start":{"line":21,"column":2},"end":{"line":21,"column":9}},"9":{"start":{"line":24,"column":0},"end":{"line":31,"column":2}},"10":{"start":{"line":25,"column":13},"end":{"line":25,"column":30}},"11":{"start":{"line":26,"column":15},"end":{"line":26,"column":38}},"12":{"start":{"line":27,"column":2},"end":{"line":30,"column":5}}},"fnMap":{"0":{"name":"(anonymous_0)","decl":{"start":{"line":4,"column":22},"end":{"line":4,"column":23}},"loc":{"start":{"line":4,"column":42},"end":{"line":10,"column":1}},"line":4},"1":{"name":"(anonymous_1)","decl":{"start":{"line":12,"column":18},"end":{"line":12,"column":19}},"loc":{"start":{"line":12,"column":49},"end":{"line":22,"column":1}},"line":12},"2":{"name":"(anonymous_2)","decl":{"start":{"line":24,"column":18},"end":{"line":24,"column":19}},"loc":{"start":{"line":24,"column":38},"end":{"line":31,"column":1}},"line":24}},"branchMap":{"0":{"loc":{"start":{"line":15,"column":2},"end":{"line":20,"column":3}},"type":"if","locations":[{"start":{"line":15,"column":2},"end":{"line":20,"column":3}},{"start":{},"end":{}}],"line":15}},"s":{"0":1,"1":1,"2":0,"3":0,"4":1,"5":2,"6":2,"7":1,"8":1,"9":1,"10":1,"11":1,"12":1},"f":{"0":0,"1":2,"2":1},"b":{"0":[1,1]},"_coverageSchema":"1a1c01bbd47fc00a2c39e90264f33305004495a9","hash":"3407188fd3528af1a4d1c5ed697607a96fa1c234"}
,"C:\\exadel\\project\\starter\\models\\users.js": {"path":"C:\\exadel\\project\\starter\\models\\users.js","statementMap":{"0":{"start":{"line":1,"column":17},"end":{"line":1,"column":36}},"1":{"start":{"line":2,"column":18},"end":{"line":2,"column":38}},"2":{"start":{"line":4,"column":19},"end":{"line":30,"column":2}},"3":{"start":{"line":18,"column":28},"end":{"line":18,"column":52}},"4":{"start":{"line":32,"column":0},"end":{"line":32,"column":52}}},"fnMap":{"0":{"name":"(anonymous_0)","decl":{"start":{"line":18,"column":17},"end":{"line":18,"column":18}},"loc":{"start":{"line":18,"column":28},"end":{"line":18,"column":52}},"line":18}},"branchMap":{},"s":{"0":1,"1":1,"2":1,"3":2,"4":1},"f":{"0":2},"b":{},"_coverageSchema":"1a1c01bbd47fc00a2c39e90264f33305004495a9","hash":"4ae2996e8ea455e136f05f0608865bddd1a40c1d"}
}
