TN:
SF:app.js
FNF:0
FNH:0
DA:2,1
DA:4,1
DA:5,1
DA:6,1
DA:7,1
DA:8,1
DA:9,1
DA:10,1
DA:11,1
DA:12,1
DA:14,1
DA:16,1
DA:17,1
DA:18,1
DA:19,1
DA:21,1
DA:26,1
DA:28,1
DA:29,1
DA:30,1
DA:31,1
LF:21
LH:21
BRF:0
BRH:0
end_of_record
TN:
SF:Routes\loginRouter.js
FNF:0
FNH:0
DA:1,1
DA:3,1
DA:5,1
DA:6,1
DA:8,1
LF:5
LH:5
BRF:0
BRH:0
end_of_record
TN:
SF:Routes\registerRouter.js
FNF:0
FNH:0
DA:1,1
DA:3,1
DA:5,1
DA:6,1
DA:10,1
LF:5
LH:5
BRF:0
BRH:0
end_of_record
TN:
SF:Routes\userRouter.js
FNF:0
FNH:0
DA:1,1
DA:2,1
DA:3,1
DA:4,1
DA:6,1
DA:8,1
DA:10,1
DA:12,1
DA:13,1
DA:14,1
LF:10
LH:10
BRF:0
BRH:0
end_of_record
TN:
SF:auth\database.js
FN:4,loginUser
FNF:1
FNH:1
FNDA:2,loginUser
DA:1,1
DA:2,1
DA:5,2
DA:6,2
DA:7,1
DA:9,1
DA:12,1
LF:7
LH:7
BRDA:6,0,0,1
BRDA:6,0,1,1
BRDA:6,1,0,2
BRDA:6,1,1,2
BRF:4
BRH:4
end_of_record
TN:
SF:auth\guards.js
FN:4,(anonymous_0)
FNF:1
FNH:0
FNDA:0,(anonymous_0)
DA:1,1
DA:2,1
DA:4,1
DA:5,0
DA:6,0
DA:7,0
DA:8,0
DA:9,0
DA:10,0
DA:12,0
DA:15,0
DA:19,1
LF:12
LH:4
BRDA:9,0,0,0
BRDA:9,0,1,0
BRDA:9,1,0,0
BRDA:9,1,1,0
BRF:4
BRH:0
end_of_record
TN:
SF:auth\passport.js
FN:3,(anonymous_0)
FNF:1
FNH:0
FNDA:0,(anonymous_0)
DA:1,1
DA:3,1
DA:4,0
DA:5,0
DA:6,0
DA:8,0
DA:11,1
LF:7
LH:3
BRDA:5,0,0,0
BRDA:5,0,1,0
BRF:2
BRH:0
end_of_record
TN:
SF:controllers\authController.js
FN:9,(anonymous_0)
FN:19,(anonymous_1)
FN:48,(anonymous_2)
FN:72,(anonymous_3)
FNF:4
FNH:4
FNDA:2,(anonymous_0)
FNDA:2,(anonymous_1)
FNDA:2,(anonymous_2)
FNDA:1,(anonymous_3)
DA:3,1
DA:4,1
DA:5,1
DA:6,1
DA:7,1
DA:9,1
DA:10,2
DA:11,0
DA:16,2
DA:19,1
DA:20,2
DA:26,1
DA:31,1
DA:32,1
DA:33,0
DA:39,1
DA:40,0
DA:45,1
DA:48,1
DA:49,2
DA:50,2
DA:51,1
DA:57,1
DA:61,1
DA:68,1
DA:72,1
DA:73,1
DA:74,1
DA:75,1
DA:82,1
DA:84,1
DA:90,1
DA:93,1
DA:98,0
LF:34
LH:30
BRDA:10,0,0,0
BRDA:10,0,1,2
BRDA:10,1,0,2
BRDA:10,1,1,2
BRDA:20,2,0,1
BRDA:20,2,1,1
BRDA:21,3,0,2
BRDA:21,3,1,2
BRDA:21,3,2,1
BRDA:21,3,3,1
BRDA:32,4,0,0
BRDA:32,4,1,1
BRDA:39,5,0,0
BRDA:39,5,1,1
BRDA:50,6,0,1
BRDA:50,6,1,1
BRF:16
BRH:13
end_of_record
TN:
SF:controllers\userController.js
FN:4,(anonymous_0)
FN:12,(anonymous_1)
FN:24,(anonymous_2)
FNF:3
FNH:2
FNDA:0,(anonymous_0)
FNDA:2,(anonymous_1)
FNDA:1,(anonymous_2)
DA:2,1
DA:4,1
DA:5,0
DA:6,0
DA:12,1
DA:13,2
DA:15,2
DA:16,1
DA:21,1
DA:24,1
DA:25,1
DA:26,1
DA:27,1
LF:13
LH:11
BRDA:15,0,0,1
BRDA:15,0,1,1
BRF:2
BRH:2
end_of_record
TN:
SF:models\users.js
FN:18,(anonymous_0)
FNF:1
FNH:1
FNDA:2,(anonymous_0)
DA:1,1
DA:2,1
DA:4,1
DA:18,2
DA:32,1
LF:5
LH:5
BRF:0
BRH:0
end_of_record
